Restoring modules from user's gpu
sys.platform: linux
Python: 3.10.15 (main, Oct  3 2024, 07:27:34) [GCC 11.2.0]
Python Path: /home/bal753/miniconda3/envs/immune/bin/python
GCC: gcc (GCC) 6.2.0
OpenCV: 4.10.0
CUDA available: True
MUSA available: False
numpy_random_seed: 2147483648
GPU 0: NVIDIA L40S
CUDA_HOME: /n/app/cuda/11.2
NVCC: Cuda compilation tools, release 11.2, V11.2.142
PyTorch: 2.1.2
TorchVision: 0.16.2
PyTorch compiling details: PyTorch built with:
  - GCC 9.3
  - C++ Version: 201703
  - Intel(R) oneAPI Math Kernel Library Version 2023.1-Product Build 20230303 for Intel(R) 64 architecture applications
  - Intel(R) MKL-DNN v3.1.1 (Git Hash 64f6bcbcbab628e96f33a62c3e975f8535a7bde4)
  - OpenMP 201511 (a.k.a. OpenMP 4.5)
  - LAPACK is enabled (usually provided by MKL)
  - NNPACK is enabled
  - CPU capability usage: AVX512
  - CUDA Runtime 12.1
  - NVCC architecture flags: -gencode;arch=compute_50,code=sm_50;-gencode;arch=compute_60,code=sm_60;-gencode;arch=compute_61,code=sm_61;-gencode;arch=compute_70,code=sm_70;-gencode;arch=compute_75,code=sm_75;-gencode;arch=compute_80,code=sm_80;-gencode;arch=compute_86,code=sm_86;-gencode;arch=compute_90,code=sm_90
  - CuDNN 8.9.2
  - Magma 2.6.1
  - Build settings: BLAS_INFO=mkl, BUILD_TYPE=Release, CUDA_VERSION=12.1, CUDNN_VERSION=8.9.2, CXX_COMPILER=/opt/rh/devtoolset-9/root/usr/bin/c++, CXX_FLAGS= -D_GLIBCXX_USE_CXX11_ABI=0 -fabi-version=11 -fvisibility-inlines-hidden -DUSE_PTHREADPOOL -DNDEBUG -DUSE_KINETO -DLIBKINETO_NOROCTRACER -DUSE_FBGEMM -DUSE_QNNPACK -DUSE_PYTORCH_QNNPACK -DUSE_XNNPACK -DSYMBOLICATE_MOBILE_DEBUG_HANDLE -O2 -fPIC -Wall -Wextra -Werror=return-type -Werror=non-virtual-dtor -Werror=bool-operation -Wnarrowing -Wno-missing-field-initializers -Wno-type-limits -Wno-array-bounds -Wno-unknown-pragmas -Wno-unused-parameter -Wno-unused-function -Wno-unused-result -Wno-strict-overflow -Wno-strict-aliasing -Wno-stringop-overflow -Wno-psabi -Wno-error=pedantic -Wno-error=old-style-cast -Wno-invalid-partial-specialization -Wno-unused-private-field -Wno-aligned-allocation-unavailable -Wno-missing-braces -fdiagnostics-color=always -faligned-new -Wno-unused-but-set-variable -Wno-maybe-uninitialized -fno-math-errno -fno-trapping-math -Werror=format -Werror=cast-function-type -Wno-stringop-overflow, LAPACK_INFO=mkl, PERF_WITH_AVX=1, PERF_WITH_AVX2=1, PERF_WITH_AVX512=1, TORCH_DISABLE_GPU_ASSERTS=ON, TORCH_VERSION=2.1.2, USE_CUDA=ON, USE_CUDNN=ON, USE_EXCEPTION_PTR=1, USE_GFLAGS=OFF, USE_GLOG=OFF, USE_MKL=ON, USE_MKLDNN=ON, USE_MPI=OFF, USE_NCCL=ON, USE_NNPACK=ON, USE_OPENMP=ON, USE_ROCM=OFF, 


Sun Nov  3 08:09:51 2024       
+-----------------------------------------------------------------------------------------+
| NVIDIA-SMI 550.54.14              Driver Version: 550.54.14      CUDA Version: 12.4     |
|-----------------------------------------+------------------------+----------------------+
| GPU  Name                 Persistence-M | Bus-Id          Disp.A | Volatile Uncorr. ECC |
| Fan  Temp   Perf          Pwr:Usage/Cap |           Memory-Usage | GPU-Util  Compute M. |
|                                         |                        |               MIG M. |
|=========================================+========================+======================|
|   0  NVIDIA L40S                    On  |   00000000:CA:00.0 Off |                    0 |
| N/A   26C    P8             33W /  350W |       0MiB /  46068MiB |      0%      Default |
|                                         |                        |                  N/A |
+-----------------------------------------+------------------------+----------------------+
                                                                                         
+-----------------------------------------------------------------------------------------+
| Processes:                                                                              |
|  GPU   GI   CI        PID   Type   Process name                              GPU Memory |
|        ID   ID                                                               Usage      |
|=========================================================================================|
|  No running processes found                                                             |
+-----------------------------------------------------------------------------------------+

/home/bal753/miniconda3/envs/immune/lib/python3.10/site-packages/torch/functional.py:504: UserWarning: torch.meshgrid: in an upcoming release, it will be required to pass the indexing argument. (Triggered internally at /opt/conda/conda-bld/pytorch_1702400410390/work/aten/src/ATen/native/TensorShape.cpp:3526.)
  return _VF.meshgrid(tensors, **kwargs)  # type: ignore[attr-defined]
==================================================
{ 'batch_size': 64,
  'device': 'cuda',
  'feat_folder': '/n/scratch/users/b/bal753/DFCI_MOTSU',
  'hf_token': None,
  'models': [<ModelType.CTRANS: 1>],
  'n_parts': 1,
  'part': 0,
  'patch_folder': '/n/scratch/users/b/bal753/DFCI_MOTSU',
  'wsi_folder': '/home/bal753/lab/bal753/DFCI'}
==================================================
Found 412 available slide bags to process.
Split items into 1 parts, processing part 0
['10326', '10783', '10846', '11496', '12064', '12151', '12555', '12833', '13087', '13576', '13658', '14004', '14072', '14174', '14706', '14821', '15236', '15336', '15407', '15787', '15865', '16160', '16185', '16291', '16556', '16557', '16925', '17077', '17093', '17102', '17164', '17564', '17592', '17685', '17902', '17993', '18688', '18779', '19063', '19260', '19767', '19807', '20182', '20304', '20737', '21154', '21545', '22266', '22653', '22948', '23226', '23361', '23445', '23516', '23619', '23751', '23763', '23850', '23864', '23979', '24064', '24261', '24433', '24479', '24656', '24664', '24855', '25224', '25452', '25582', '25657', '25755', '25818', '25832', '25967', '25978', '26229', '26245', '26327', '26543', '26552', '26644', '26650', '26667', '26674', '26698', '26813', '27139', '27425', '27737', '27821', '27886', '27967', '27984', '27985', '27987', '28257', '28394', '28417', '28459', '28538', '28674', '28685', '28847', '28870', '29113', '29194', '29286', '29290', '29342', '29391', '29403', '29552', '29914', '29979', '30328', '30329', '30442', '30496', '30591', '30833', '30988', '31076', '31218', '31246', '31250', '31292', '31314', '31319', '31404', '31538', '31697', '31761', '31772', '31798', '31809', '31902', '31955', '32060', '32067', '32109', '32186', '32191', '32213', '32269', '32271', '32292', '32349', '32388', '32515', '32516', '32530', '32534', '32548', '32564', '32571', '32582', '32594', '32633', '32638', '32684', '32685', '32777', '32821', '32857', '32886', '32889', '32930', '33000', '33023', '33039', '33083', '33147', '33180', '33192', '33196', '33203', '33204', '33256', '33257', '33283', '33315', '33334', '33473', '33514', '33518', '33570', '33581', '33606', '33608', '33671', '33674', '33789', '33820', '33831', '33844', '33858', '33873', '33885', '33893', '33918', '33951', '33958', '33982', '34012', '34055', '34088', '34132', '34226', '34227', '34229', '34256', '34278', '34292', '34300', '34373', '34380', '34407', '34438', '34492', '34513', '34529', '34543', '34607', '34621', '34624', '34637', '34653', '34654', '34663', '34737', '34768', '34783', '34787', '34827', '34839', '34842', '34843', '34858', '34873', '34876', '34899', '34912', '34926', '34941', '34975', '34986', '35015', '35016', '35027', '35042', '35088', '35121', '35125', '35144', '35223', '35239', '35293', '35295', '35296', '35339', '35365', '35470', '35471', '35489', '35514', '35516', '35575', '35576', '35585', '35586', '35587', '35612', '35659', '35667', '35671', '35691', '35725', '35731', '35735', '35737', '35757', '35760', '35770', '35781', '35817', '35852', '35885', '35900', '35995', '35996', '36021', '36085', '36090', '36152', '36153', '36158', '36245', '36255', '36342', '36389', '36401', '36412', '36423', '36442', '36725', '36738', '36745', '36816', '36817', '36854', '36861', '37028', '37090', '37092', '37094', '37276', '37301', '37497', '37498', '37585', '37615', '37635', '37699', '37701', '37707', '37728', '37729', '37768', '37782', '37806', '37838', '37863', '37887', '37972', '37981', '37984', '38025', '38028', '38031', '38040', '38041', '38045', '38073', '38107', '38125', '38184', '38218', '38252', '38328', '38369', '38465', '38560', '38667', '38689', '38784', '38792', '38799', '38842', '38909', '38911', '38914', '38940', '39250', '39343', '39392', '39460', '39562', '39602', '39898', '40174', '40399', '40444', '40778', '41491', '41507', '42047', '42447', '42494', '42537', '42544', '42576', '42744', '42794', '42875', '43470', '43505', '43748', '43749', '43776', '43992', '44017', '44088', '44135', '44249', '44744', '44824', '45189', '45568', '46498', '49820', '49964', '50075', '8145', '8146', '8478', '8557', '8598', '8802', '9007', '9842', '9875']
Process slide indices [0:412]
Error processing 10326: 'Dataset' object has no attribute 'metadata'
Error processing 10783: 'Dataset' object has no attribute 'metadata'
Error processing 10846: 'Dataset' object has no attribute 'metadata'
Error processing 11496: 'Dataset' object has no attribute 'metadata'
Error processing 12064: 'Dataset' object has no attribute 'metadata'
Error processing 12151: 'Dataset' object has no attribute 'metadata'
Error processing 12555: 'Dataset' object has no attribute 'metadata'
Error processing 12833: 'Dataset' object has no attribute 'metadata'
Error processing 13087: 'Dataset' object has no attribute 'metadata'
Error processing 13576: 'Dataset' object has no attribute 'metadata'
Error processing 13658: 'Dataset' object has no attribute 'metadata'
Error processing 14004: 'Dataset' object has no attribute 'metadata'
Error processing 14072: 'Dataset' object has no attribute 'metadata'
Error processing 14174: 'Dataset' object has no attribute 'metadata'
Error processing 14706: 'Dataset' object has no attribute 'metadata'
Error processing 14821: 'Dataset' object has no attribute 'metadata'
Error processing 15236: 'Dataset' object has no attribute 'metadata'
Error processing 15336: 'Dataset' object has no attribute 'metadata'
Error processing 15407: 'Dataset' object has no attribute 'metadata'
Error processing 15787: 'Dataset' object has no attribute 'metadata'
Error processing 15865: 'Dataset' object has no attribute 'metadata'
Error processing 16160: 'Dataset' object has no attribute 'metadata'
Error processing 16185: 'Dataset' object has no attribute 'metadata'
Error processing 16291: 'Dataset' object has no attribute 'metadata'
Error processing 16556: 'Dataset' object has no attribute 'metadata'
Error processing 16557: 'Dataset' object has no attribute 'metadata'
Error processing 16925: 'Dataset' object has no attribute 'metadata'
Error processing 17077: 'Dataset' object has no attribute 'metadata'
Error processing 17093: 'Dataset' object has no attribute 'metadata'
Error processing 17102: 'Dataset' object has no attribute 'metadata'
Error processing 17164: 'Dataset' object has no attribute 'metadata'
Error processing 17564: 'Dataset' object has no attribute 'metadata'
Error processing 17592: 'Dataset' object has no attribute 'metadata'
Error processing 17685: 'Dataset' object has no attribute 'metadata'
Error processing 17902: 'Dataset' object has no attribute 'metadata'
Error processing 17993: 'Dataset' object has no attribute 'metadata'
Error processing 18688: 'Dataset' object has no attribute 'metadata'
Error processing 18779: 'Dataset' object has no attribute 'metadata'
Error processing 19063: 'Dataset' object has no attribute 'metadata'
Error processing 19260: 'Dataset' object has no attribute 'metadata'
Error processing 19767: 'Dataset' object has no attribute 'metadata'
Error processing 19807: 'Dataset' object has no attribute 'metadata'
Error processing 20182: 'Dataset' object has no attribute 'metadata'
Error processing 20304: 'Dataset' object has no attribute 'metadata'
Error processing 20737: 'Dataset' object has no attribute 'metadata'
Error processing 21154: 'Dataset' object has no attribute 'metadata'
Error processing 21545: 'Dataset' object has no attribute 'metadata'
Error processing 22266: 'Dataset' object has no attribute 'metadata'
Error processing 22653: 'Dataset' object has no attribute 'metadata'
Error processing 22948: 'Dataset' object has no attribute 'metadata'
Error processing 23226: 'Dataset' object has no attribute 'metadata'
Error processing 23361: 'Dataset' object has no attribute 'metadata'
Error processing 23445: 'Dataset' object has no attribute 'metadata'
Error processing 23516: 'Dataset' object has no attribute 'metadata'
Error processing 23619: 'Dataset' object has no attribute 'metadata'
Error processing 23751: 'Dataset' object has no attribute 'metadata'
Error processing 23763: 'Dataset' object has no attribute 'metadata'
Error processing 23850: 'Dataset' object has no attribute 'metadata'
Error processing 23864: 'Dataset' object has no attribute 'metadata'
Error processing 23979: 'Dataset' object has no attribute 'metadata'
Error processing 24064: 'Dataset' object has no attribute 'metadata'
Error processing 24261: 'Dataset' object has no attribute 'metadata'
Error processing 24433: 'Dataset' object has no attribute 'metadata'
Error processing 24479: 'Dataset' object has no attribute 'metadata'
Error processing 24656: 'Dataset' object has no attribute 'metadata'
Error processing 24664: 'Dataset' object has no attribute 'metadata'
Error processing 24855: 'Dataset' object has no attribute 'metadata'
Error processing 25224: 'Dataset' object has no attribute 'metadata'
Error processing 25452: 'Dataset' object has no attribute 'metadata'
Error processing 25582: 'Dataset' object has no attribute 'metadata'
Error processing 25657: 'Dataset' object has no attribute 'metadata'
Error processing 25755: 'Dataset' object has no attribute 'metadata'
Error processing 25818: 'Dataset' object has no attribute 'metadata'
Error processing 25832: 'Dataset' object has no attribute 'metadata'
Error processing 25967: 'Dataset' object has no attribute 'metadata'
Error processing 25978: 'Dataset' object has no attribute 'metadata'
Error processing 26229: 'Dataset' object has no attribute 'metadata'
Error processing 26245: 'Dataset' object has no attribute 'metadata'
Error processing 26327: 'Dataset' object has no attribute 'metadata'
Error processing 26543: 'Dataset' object has no attribute 'metadata'
Error processing 26552: 'Dataset' object has no attribute 'metadata'
Error processing 26644: 'Dataset' object has no attribute 'metadata'
Error processing 26650: 'Dataset' object has no attribute 'metadata'
Error processing 26667: 'Dataset' object has no attribute 'metadata'
Error processing 26674: 'Dataset' object has no attribute 'metadata'
Error processing 26698: 'Dataset' object has no attribute 'metadata'
Error processing 26813: 'Dataset' object has no attribute 'metadata'
Error processing 27139: 'Dataset' object has no attribute 'metadata'
Error processing 27425: 'Dataset' object has no attribute 'metadata'
Error processing 27737: 'Dataset' object has no attribute 'metadata'
Error processing 27821: 'Dataset' object has no attribute 'metadata'
Error processing 27886: 'Dataset' object has no attribute 'metadata'
Error processing 27967: 'Dataset' object has no attribute 'metadata'
Error processing 27984: 'Dataset' object has no attribute 'metadata'
Error processing 27985: 'Dataset' object has no attribute 'metadata'
Error processing 27987: 'Dataset' object has no attribute 'metadata'
Error processing 28257: 'Dataset' object has no attribute 'metadata'
Error processing 28394: 'Dataset' object has no attribute 'metadata'
Error processing 28417: 'Dataset' object has no attribute 'metadata'
Error processing 28459: 'Dataset' object has no attribute 'metadata'
Error processing 28538: 'Dataset' object has no attribute 'metadata'
Error processing 28674: 'Dataset' object has no attribute 'metadata'
Error processing 28685: 'Dataset' object has no attribute 'metadata'
Error processing 28847: 'Dataset' object has no attribute 'metadata'
Error processing 28870: 'Dataset' object has no attribute 'metadata'
Error processing 29113: 'Dataset' object has no attribute 'metadata'
Error processing 29194: 'Dataset' object has no attribute 'metadata'
Error processing 29286: 'Dataset' object has no attribute 'metadata'
Error processing 29290: 'Dataset' object has no attribute 'metadata'
Error processing 29342: 'Dataset' object has no attribute 'metadata'
Error processing 29391: 'Dataset' object has no attribute 'metadata'
Error processing 29403: 'Dataset' object has no attribute 'metadata'
Error processing 29552: 'Dataset' object has no attribute 'metadata'
Error processing 29914: 'Dataset' object has no attribute 'metadata'
Error processing 29979: 'Dataset' object has no attribute 'metadata'
Error processing 30328: 'Dataset' object has no attribute 'metadata'
Error processing 30329: 'Dataset' object has no attribute 'metadata'
Error processing 30442: 'Dataset' object has no attribute 'metadata'
Error processing 30496: 'Dataset' object has no attribute 'metadata'
Error processing 30591: 'Dataset' object has no attribute 'metadata'
Error processing 30833: 'Dataset' object has no attribute 'metadata'
Error processing 30988: 'Dataset' object has no attribute 'metadata'
Error processing 31076: 'Dataset' object has no attribute 'metadata'
Error processing 31218: 'Dataset' object has no attribute 'metadata'
Error processing 31246: 'Dataset' object has no attribute 'metadata'
Error processing 31250: 'Dataset' object has no attribute 'metadata'
Error processing 31292: 'Dataset' object has no attribute 'metadata'
Error processing 31314: 'Dataset' object has no attribute 'metadata'
Error processing 31319: 'Dataset' object has no attribute 'metadata'
Error processing 31404: 'Dataset' object has no attribute 'metadata'
Error processing 31538: 'Dataset' object has no attribute 'metadata'
Error processing 31697: 'Dataset' object has no attribute 'metadata'
Error processing 31761: 'Dataset' object has no attribute 'metadata'
Error processing 31772: 'Dataset' object has no attribute 'metadata'
Error processing 31798: 'Dataset' object has no attribute 'metadata'
Error processing 31809: 'Dataset' object has no attribute 'metadata'
Error processing 31902: 'Dataset' object has no attribute 'metadata'
Error processing 31955: 'Dataset' object has no attribute 'metadata'
Error processing 32060: 'Dataset' object has no attribute 'metadata'
Error processing 32067: 'Dataset' object has no attribute 'metadata'
Error processing 32109: 'Dataset' object has no attribute 'metadata'
Error processing 32186: 'Dataset' object has no attribute 'metadata'
Error processing 32191: 'Dataset' object has no attribute 'metadata'
Error processing 32213: 'Dataset' object has no attribute 'metadata'
Error processing 32269: 'Dataset' object has no attribute 'metadata'
Error processing 32271: 'Dataset' object has no attribute 'metadata'
Error processing 32292: 'Dataset' object has no attribute 'metadata'
Error processing 32349: 'Dataset' object has no attribute 'metadata'
Error processing 32388: 'Dataset' object has no attribute 'metadata'
Error processing 32515: 'Dataset' object has no attribute 'metadata'
Error processing 32516: 'Dataset' object has no attribute 'metadata'
Error processing 32530: 'Dataset' object has no attribute 'metadata'
Error processing 32534: 'Dataset' object has no attribute 'metadata'
Error processing 32548: 'Dataset' object has no attribute 'metadata'
Error processing 32564: 'Dataset' object has no attribute 'metadata'
Error processing 32571: 'Dataset' object has no attribute 'metadata'
Error processing 32582: 'Dataset' object has no attribute 'metadata'
Error processing 32594: 'Dataset' object has no attribute 'metadata'
Error processing 32633: 'Dataset' object has no attribute 'metadata'
Error processing 32638: 'Dataset' object has no attribute 'metadata'
Error processing 32684: 'Dataset' object has no attribute 'metadata'
Error processing 32685: 'Dataset' object has no attribute 'metadata'
Error processing 32777: 'Dataset' object has no attribute 'metadata'
Error processing 32821: 'Dataset' object has no attribute 'metadata'
Error processing 32857: 'Dataset' object has no attribute 'metadata'
Error processing 32886: 'Dataset' object has no attribute 'metadata'
Error processing 32889: 'Dataset' object has no attribute 'metadata'
Error processing 32930: 'Dataset' object has no attribute 'metadata'
Error processing 33000: 'Dataset' object has no attribute 'metadata'
Error processing 33023: 'Dataset' object has no attribute 'metadata'
Error processing 33039: 'Dataset' object has no attribute 'metadata'
Error processing 33083: 'Dataset' object has no attribute 'metadata'
Error processing 33147: 'Dataset' object has no attribute 'metadata'
Error processing 33180: 'Dataset' object has no attribute 'metadata'
Error processing 33192: 'Dataset' object has no attribute 'metadata'
Error processing 33196: 'Dataset' object has no attribute 'metadata'
Error processing 33203: 'Dataset' object has no attribute 'metadata'
Error processing 33204: 'Dataset' object has no attribute 'metadata'
Error processing 33256: 'Dataset' object has no attribute 'metadata'
Error processing 33257: 'Dataset' object has no attribute 'metadata'
Error processing 33283: 'Dataset' object has no attribute 'metadata'
Error processing 33315: 'Dataset' object has no attribute 'metadata'
Error processing 33334: 'Dataset' object has no attribute 'metadata'
Error processing 33473: 'Dataset' object has no attribute 'metadata'
Error processing 33514: 'Dataset' object has no attribute 'metadata'
Error processing 33518: 'Dataset' object has no attribute 'metadata'
Error processing 33570: 'Dataset' object has no attribute 'metadata'
Error processing 33581: 'Dataset' object has no attribute 'metadata'
Error processing 33606: 'Dataset' object has no attribute 'metadata'
Error processing 33608: 'Dataset' object has no attribute 'metadata'
Error processing 33671: 'Dataset' object has no attribute 'metadata'
Error processing 33674: 'Dataset' object has no attribute 'metadata'
Error processing 33789: 'Dataset' object has no attribute 'metadata'
Error processing 33820: 'Dataset' object has no attribute 'metadata'
Error processing 33831: 'Dataset' object has no attribute 'metadata'
Error processing 33844: 'Dataset' object has no attribute 'metadata'
Error processing 33858: 'Dataset' object has no attribute 'metadata'
Error processing 33873: 'Dataset' object has no attribute 'metadata'
Error processing 33885: 'Dataset' object has no attribute 'metadata'
Error processing 33893: 'Dataset' object has no attribute 'metadata'
Error processing 33918: 'Dataset' object has no attribute 'metadata'
Error processing 33951: 'Dataset' object has no attribute 'metadata'
Error processing 33958: 'Dataset' object has no attribute 'metadata'
Error processing 33982: 'Dataset' object has no attribute 'metadata'
Error processing 34012: 'Dataset' object has no attribute 'metadata'
Error processing 34055: 'Dataset' object has no attribute 'metadata'
Error processing 34088: 'Dataset' object has no attribute 'metadata'
Error processing 34132: 'Dataset' object has no attribute 'metadata'
Error processing 34226: 'Dataset' object has no attribute 'metadata'
Error processing 34227: 'Dataset' object has no attribute 'metadata'
Error processing 34229: 'Dataset' object has no attribute 'metadata'
Error processing 34256: 'Dataset' object has no attribute 'metadata'
Error processing 34278: 'Dataset' object has no attribute 'metadata'
Error processing 34292: 'Dataset' object has no attribute 'metadata'
Error processing 34300: 'Dataset' object has no attribute 'metadata'
Error processing 34373: 'Dataset' object has no attribute 'metadata'
Error processing 34380: 'Dataset' object has no attribute 'metadata'
Error processing 34407: 'Dataset' object has no attribute 'metadata'
Error processing 34438: 'Dataset' object has no attribute 'metadata'
Error processing 34492: 'Dataset' object has no attribute 'metadata'
Error processing 34513: 'Dataset' object has no attribute 'metadata'
Error processing 34529: 'Dataset' object has no attribute 'metadata'
Error processing 34543: 'Dataset' object has no attribute 'metadata'
Error processing 34607: 'Dataset' object has no attribute 'metadata'
Error processing 34621: 'Dataset' object has no attribute 'metadata'
Error processing 34624: 'Dataset' object has no attribute 'metadata'
Error processing 34637: 'Dataset' object has no attribute 'metadata'
Error processing 34653: 'Dataset' object has no attribute 'metadata'
Error processing 34654: 'Dataset' object has no attribute 'metadata'
Error processing 34663: 'Dataset' object has no attribute 'metadata'
Error processing 34737: 'Dataset' object has no attribute 'metadata'
Error processing 34768: 'Dataset' object has no attribute 'metadata'
Error processing 34783: 'Dataset' object has no attribute 'metadata'
Error processing 34787: 'Dataset' object has no attribute 'metadata'
Error processing 34827: 'Dataset' object has no attribute 'metadata'
Error processing 34839: 'Dataset' object has no attribute 'metadata'
Error processing 34842: 'Dataset' object has no attribute 'metadata'
Error processing 34843: 'Dataset' object has no attribute 'metadata'
Error processing 34858: 'Dataset' object has no attribute 'metadata'
Error processing 34873: 'Dataset' object has no attribute 'metadata'
Error processing 34876: 'Dataset' object has no attribute 'metadata'
Error processing 34899: 'Dataset' object has no attribute 'metadata'
Error processing 34912: 'Dataset' object has no attribute 'metadata'
Error processing 34926: 'Dataset' object has no attribute 'metadata'
Error processing 34941: 'Dataset' object has no attribute 'metadata'
Error processing 34975: 'Dataset' object has no attribute 'metadata'
Error processing 34986: 'Dataset' object has no attribute 'metadata'
Error processing 35015: 'Dataset' object has no attribute 'metadata'
Error processing 35016: 'Dataset' object has no attribute 'metadata'
Error processing 35027: 'Dataset' object has no attribute 'metadata'
Error processing 35042: 'Dataset' object has no attribute 'metadata'
Error processing 35088: 'Dataset' object has no attribute 'metadata'
Error processing 35121: 'Dataset' object has no attribute 'metadata'
Error processing 35125: 'Dataset' object has no attribute 'metadata'
Error processing 35144: 'Dataset' object has no attribute 'metadata'
Error processing 35223: 'Dataset' object has no attribute 'metadata'
Error processing 35239: 'Dataset' object has no attribute 'metadata'
Error processing 35293: 'Dataset' object has no attribute 'metadata'
Error processing 35295: 'Dataset' object has no attribute 'metadata'
Error processing 35296: 'Dataset' object has no attribute 'metadata'
Error processing 35339: 'Dataset' object has no attribute 'metadata'
Error processing 35365: 'Dataset' object has no attribute 'metadata'
Error processing 35470: 'Dataset' object has no attribute 'metadata'
Error processing 35471: 'Dataset' object has no attribute 'metadata'
Error processing 35489: 'Dataset' object has no attribute 'metadata'
Error processing 35514: 'Dataset' object has no attribute 'metadata'
Error processing 35516: 'Dataset' object has no attribute 'metadata'
Error processing 35575: 'Dataset' object has no attribute 'metadata'
Error processing 35576: 'Dataset' object has no attribute 'metadata'
Error processing 35585: 'Dataset' object has no attribute 'metadata'
Error processing 35586: 'Dataset' object has no attribute 'metadata'
Error processing 35587: 'Dataset' object has no attribute 'metadata'
Error processing 35612: 'Dataset' object has no attribute 'metadata'
Error processing 35659: 'Dataset' object has no attribute 'metadata'
Error processing 35667: 'Dataset' object has no attribute 'metadata'
Error processing 35671: 'Dataset' object has no attribute 'metadata'
Error processing 35691: 'Dataset' object has no attribute 'metadata'
Error processing 35725: 'Dataset' object has no attribute 'metadata'
Error processing 35731: 'Dataset' object has no attribute 'metadata'
Error processing 35735: 'Dataset' object has no attribute 'metadata'
Error processing 35737: 'Dataset' object has no attribute 'metadata'
Error processing 35757: 'Dataset' object has no attribute 'metadata'
Error processing 35760: 'Dataset' object has no attribute 'metadata'
Error processing 35770: 'Dataset' object has no attribute 'metadata'
Error processing 35781: 'Dataset' object has no attribute 'metadata'
Error processing 35817: 'Dataset' object has no attribute 'metadata'
Error processing 35852: 'Dataset' object has no attribute 'metadata'
Error processing 35885: 'Dataset' object has no attribute 'metadata'
Error processing 35900: 'Dataset' object has no attribute 'metadata'
Error processing 35995: 'Dataset' object has no attribute 'metadata'
Error processing 35996: 'Dataset' object has no attribute 'metadata'
Error processing 36021: 'Dataset' object has no attribute 'metadata'
Error processing 36085: 'Dataset' object has no attribute 'metadata'
Error processing 36090: 'Dataset' object has no attribute 'metadata'
Error processing 36152: 'Dataset' object has no attribute 'metadata'
Error processing 36153: 'Dataset' object has no attribute 'metadata'
Error processing 36158: 'Dataset' object has no attribute 'metadata'
Error processing 36245: 'Dataset' object has no attribute 'metadata'
Error processing 36255: 'Dataset' object has no attribute 'metadata'
Error processing 36342: 'Dataset' object has no attribute 'metadata'
Error processing 36389: 'Dataset' object has no attribute 'metadata'
Error processing 36401: 'Dataset' object has no attribute 'metadata'
Error processing 36412: 'Dataset' object has no attribute 'metadata'
Error processing 36423: 'Dataset' object has no attribute 'metadata'
Error processing 36442: 'Dataset' object has no attribute 'metadata'
Error processing 36725: 'Dataset' object has no attribute 'metadata'
Error processing 36738: 'Dataset' object has no attribute 'metadata'
Error processing 36745: 'Dataset' object has no attribute 'metadata'
Error processing 36816: 'Dataset' object has no attribute 'metadata'
Error processing 36817: 'Dataset' object has no attribute 'metadata'
Error processing 36854: 'Dataset' object has no attribute 'metadata'
Error processing 36861: 'Dataset' object has no attribute 'metadata'
Error processing 37028: 'Dataset' object has no attribute 'metadata'
Error processing 37090: 'Dataset' object has no attribute 'metadata'
Error processing 37092: 'Dataset' object has no attribute 'metadata'
Error processing 37094: 'Dataset' object has no attribute 'metadata'
Error processing 37276: 'Dataset' object has no attribute 'metadata'
Error processing 37301: 'Dataset' object has no attribute 'metadata'
Error processing 37497: 'Dataset' object has no attribute 'metadata'
Error processing 37498: 'Dataset' object has no attribute 'metadata'
Error processing 37585: 'Dataset' object has no attribute 'metadata'
Error processing 37615: 'Dataset' object has no attribute 'metadata'
Error processing 37635: 'Dataset' object has no attribute 'metadata'
Error processing 37699: 'Dataset' object has no attribute 'metadata'
Error processing 37701: 'Dataset' object has no attribute 'metadata'
Error processing 37707: 'Dataset' object has no attribute 'metadata'
Error processing 37728: 'Dataset' object has no attribute 'metadata'
Error processing 37729: 'Dataset' object has no attribute 'metadata'
Error processing 37768: 'Dataset' object has no attribute 'metadata'
Error processing 37782: 'Dataset' object has no attribute 'metadata'
Error processing 37806: 'Dataset' object has no attribute 'metadata'
Error processing 37838: 'Dataset' object has no attribute 'metadata'
Error processing 37863: 'Dataset' object has no attribute 'metadata'
Error processing 37887: 'Dataset' object has no attribute 'metadata'
Error processing 37972: 'Dataset' object has no attribute 'metadata'
Error processing 37981: 'Dataset' object has no attribute 'metadata'
Error processing 37984: 'Dataset' object has no attribute 'metadata'
Error processing 38025: 'Dataset' object has no attribute 'metadata'
Error processing 38028: 'Dataset' object has no attribute 'metadata'
Error processing 38031: 'Dataset' object has no attribute 'metadata'
Error processing 38040: 'Dataset' object has no attribute 'metadata'
Error processing 38041: 'Dataset' object has no attribute 'metadata'
Error processing 38045: 'Dataset' object has no attribute 'metadata'
Error processing 38073: 'Dataset' object has no attribute 'metadata'
Error processing 38107: 'Dataset' object has no attribute 'metadata'
Error processing 38125: 'Dataset' object has no attribute 'metadata'
Error processing 38184: 'Dataset' object has no attribute 'metadata'
Error processing 38218: 'Dataset' object has no attribute 'metadata'
Error processing 38252: 'Dataset' object has no attribute 'metadata'
Error processing 38328: 'Dataset' object has no attribute 'metadata'
Error processing 38369: 'Dataset' object has no attribute 'metadata'
Error processing 38465: 'Dataset' object has no attribute 'metadata'
Error processing 38560: 'Dataset' object has no attribute 'metadata'
Error processing 38667: 'Dataset' object has no attribute 'metadata'
Error processing 38689: 'Dataset' object has no attribute 'metadata'
Error processing 38784: 'Dataset' object has no attribute 'metadata'
Error processing 38792: 'Dataset' object has no attribute 'metadata'
Error processing 38799: 'Dataset' object has no attribute 'metadata'
Error processing 38842: 'Dataset' object has no attribute 'metadata'
Error processing 38909: 'Dataset' object has no attribute 'metadata'
Error processing 38911: 'Dataset' object has no attribute 'metadata'
Error processing 38914: 'Dataset' object has no attribute 'metadata'
Error processing 38940: 'Dataset' object has no attribute 'metadata'
Error processing 39250: 'Dataset' object has no attribute 'metadata'
Error processing 39343: 'Dataset' object has no attribute 'metadata'
Error processing 39392: 'Dataset' object has no attribute 'metadata'
Error processing 39460: 'Dataset' object has no attribute 'metadata'
Error processing 39562: 'Dataset' object has no attribute 'metadata'
Error processing 39602: 'Dataset' object has no attribute 'metadata'
Error processing 39898: 'Dataset' object has no attribute 'metadata'
Error processing 40174: 'Dataset' object has no attribute 'metadata'
Error processing 40399: 'Dataset' object has no attribute 'metadata'
Error processing 40444: 'Dataset' object has no attribute 'metadata'
Error processing 40778: 'Dataset' object has no attribute 'metadata'
Error processing 41491: 'Dataset' object has no attribute 'metadata'
Error processing 41507: 'Dataset' object has no attribute 'metadata'
Error processing 42047: 'Dataset' object has no attribute 'metadata'
Error processing 42447: 'Dataset' object has no attribute 'metadata'
Error processing 42494: 'Dataset' object has no attribute 'metadata'
Error processing 42537: 'Dataset' object has no attribute 'metadata'
Error processing 42544: 'Dataset' object has no attribute 'metadata'
Error processing 42576: 'Dataset' object has no attribute 'metadata'
Error processing 42744: 'Dataset' object has no attribute 'metadata'
Error processing 42794: 'Dataset' object has no attribute 'metadata'
Error processing 42875: 'Dataset' object has no attribute 'metadata'
Error processing 43470: 'Dataset' object has no attribute 'metadata'
Error processing 43505: 'Dataset' object has no attribute 'metadata'
Error processing 43748: 'Dataset' object has no attribute 'metadata'
Error processing 43749: 'Dataset' object has no attribute 'metadata'
Error processing 43776: 'Dataset' object has no attribute 'metadata'
Error processing 43992: 'Dataset' object has no attribute 'metadata'
Error processing 44017: 'Dataset' object has no attribute 'metadata'
Error processing 44088: 'Dataset' object has no attribute 'metadata'
Error processing 44135: 'Dataset' object has no attribute 'metadata'
Error processing 44249: 'Dataset' object has no attribute 'metadata'
Error processing 44744: 'Dataset' object has no attribute 'metadata'
Error processing 44824: 'Dataset' object has no attribute 'metadata'
Error processing 45189: 'Dataset' object has no attribute 'metadata'
Error processing 45568: 'Dataset' object has no attribute 'metadata'
Error processing 46498: 'Dataset' object has no attribute 'metadata'
Error processing 49820: 'Dataset' object has no attribute 'metadata'
Error processing 49964: 'Dataset' object has no attribute 'metadata'
Error processing 50075: 'Dataset' object has no attribute 'metadata'
Error processing 8145: 'Dataset' object has no attribute 'metadata'
Error processing 8146: 'Dataset' object has no attribute 'metadata'
Error processing 8478: 'Dataset' object has no attribute 'metadata'
Error processing 8557: 'Dataset' object has no attribute 'metadata'
Error processing 8598: 'Dataset' object has no attribute 'metadata'
Error processing 8802: 'Dataset' object has no attribute 'metadata'
Error processing 9007: 'Dataset' object has no attribute 'metadata'
Error processing 9842: 'Dataset' object has no attribute 'metadata'
Error processing 9875: 'Dataset' object has no attribute 'metadata'
